[2026-03-22T06:57:49Z] fast_scan ok
[2026-03-22T06:57:49Z] ok running
[2026-03-22T07:07:49Z] fast_scan ok
[2026-03-22T07:07:49Z] ok running
[2026-03-22T07:17:49Z] fast_scan ok
[2026-03-22T07:17:49Z] ok running
[2026-03-22T07:27:49Z] fast_scan ok
[2026-03-22T07:27:49Z] ok running
[2026-03-22T07:37:49Z] fast_scan ok
[2026-03-22T07:37:49Z] ok running
[2026-03-22T07:47:50Z] fast_scan ok
[2026-03-22T07:47:50Z] ok running
[2026-03-22T07:57:50Z] fast_scan ok
[2026-03-22T07:57:50Z] ok running
[2026-03-22T08:55:01Z] fast_scan ok
[2026-03-22T08:55:01Z] ok running
[2026-03-22T09:11:51Z] fast_scan missing -> restart
[2026-03-22T09:11:51Z] start pm_fast_scan_trade
[2026-03-22T09:11:51Z] ok running
[2026-03-22T09:21:51Z] fast_scan fresh (4s)
[2026-03-22T09:21:51Z] fast_scan ok
[2026-03-22T09:21:51Z] ok running
[2026-03-22T09:31:51Z] guard.flag active -> skip restart
[2026-03-22T09:41:51Z] guard.flag active -> skip restart
